<?xml version="1.0" encoding="UTF-8"?>
<!-- Generated by org.testng.reporters.JUnitReportReporter -->
<testsuite hostname="DESKTOP-QNQ8377" failures="0" tests="3" name="XYZ_BANK.XYZ_Bank" time="23.182" errors="0" timestamp="2023-01-25T21:11:47 GMT+02:00" skipped="1">
  <testcase classname="XYZ_BANK.XYZ_Bank" name="Add_Customer" time="5.006"/>
  <system-out/>
  <testcase classname="XYZ_BANK.XYZ_Bank" name="bop" time="18.176"/>
  <system-out/>
  <testcase classname="XYZ_BANK.XYZ_Bank" name="Check_The_Title">
    <skipped/>
  </testcase> <!-- Check_The_Title -->
  <system-out/>
</testsuite> <!-- XYZ_BANK.XYZ_Bank -->
